1317208617245683	INFO      	Log	XnLog.cpp	264	OpenNI version is 1.3.2 (Build 1)-Linux-x86 (Sep 26 2011 14:50:28)
1317208617245714	INFO      	Log	XnLog.cpp	243	Filter Info - minimum severity: ERROR, masks: NONE
1317208617245724	INFO      	Log	XnLog.cpp	243	Filter Info - minimum severity: WARNING, masks: NONE
1317208617245735	INFO      	Log	XnLog.cpp	243	Filter Info - minimum severity: WARNING, masks: ALL
1317208617245758	INFO      	Log	XnLog.cpp	243	Filter Info - minimum severity: VERBOSE, masks: ALL
       60	VERBOSE   	ModuleLoader	XnModuleLoader.cpp	490	Found exported production node. ProductionNode: OpenNI/Mock/1.3.2.1
    13699	VERBOSE   	ModuleLoader	XnModuleLoader.cpp	490	Found exported production node. Generator: OpenNI/Mock/1.3.2.1
    13806	VERBOSE   	ModuleLoader	XnModuleLoader.cpp	490	Found exported production node. MapGenerator: OpenNI/Mock/1.3.2.1
    13839	VERBOSE   	ModuleLoader	XnModuleLoader.cpp	490	Found exported production node. Device: OpenNI/Mock/1.3.2.1
    13882	VERBOSE   	ModuleLoader	XnModuleLoader.cpp	490	Found exported production node. Depth: OpenNI/Mock/1.3.2.1
    13909	VERBOSE   	ModuleLoader	XnModuleLoader.cpp	490	Found exported production node. IR: OpenNI/Mock/1.3.2.1
    13934	VERBOSE   	ModuleLoader	XnModuleLoader.cpp	490	Found exported production node. Image: OpenNI/Mock/1.3.2.1
    13955	VERBOSE   	ModuleLoader	XnModuleLoader.cpp	490	Found exported production node. Audio: OpenNI/Mock/1.3.2.1
    14177	VERBOSE   	ModuleLoader	XnModuleLoader.cpp	319	Checking ../lib/libnimMockNodes.so...
    14409	WARNING   	xnOS	Linux-x86SharedLibs.cpp	44	Failed loading lib: ../lib/libnimMockNodes.so: no se puede abrir el fichero del objeto compartido: No existe el fichero o el directorio

    14424	WARNING   	ModuleLoader	XnModuleLoader.cpp	330	Failed to load '../lib/libnimMockNodes.so' - missing dependencies?
    14448	VERBOSE   	ModuleLoader	XnModuleLoader.cpp	319	Checking ../lib/libnimCodecs.so...
    14478	WARNING   	xnOS	Linux-x86SharedLibs.cpp	44	Failed loading lib: ../lib/libnimCodecs.so: no se puede abrir el fichero del objeto compartido: No existe el fichero o el directorio

    14491	WARNING   	ModuleLoader	XnModuleLoader.cpp	330	Failed to load '../lib/libnimCodecs.so' - missing dependencies?
    14510	VERBOSE   	ModuleLoader	XnModuleLoader.cpp	319	Checking ../lib/libnimRecorder.so...
    14539	WARNING   	xnOS	Linux-x86SharedLibs.cpp	44	Failed loading lib: ../lib/libnimRecorder.so: no se puede abrir el fichero del objeto compartido: No existe el fichero o el directorio

    14553	WARNING   	ModuleLoader	XnModuleLoader.cpp	330	Failed to load '../lib/libnimRecorder.so' - missing dependencies?
    14572	VERBOSE   	ModuleLoader	XnModuleLoader.cpp	319	Checking ../lib/libXnDevicesSensorV2.so...
    14599	WARNING   	xnOS	Linux-x86SharedLibs.cpp	44	Failed loading lib: ../lib/libXnDevicesSensorV2.so: no se puede abrir el fichero del objeto compartido: No existe el fichero o el directorio

    14612	WARNING   	ModuleLoader	XnModuleLoader.cpp	330	Failed to load '../lib/libXnDevicesSensorV2.so' - missing dependencies?
    14631	VERBOSE   	ModuleLoader	XnModuleLoader.cpp	319	Checking ../lib/libXnDeviceFile.so...
    14657	WARNING   	xnOS	Linux-x86SharedLibs.cpp	44	Failed loading lib: ../lib/libXnDeviceFile.so: no se puede abrir el fichero del objeto compartido: No existe el fichero o el directorio

    14669	WARNING   	ModuleLoader	XnModuleLoader.cpp	330	Failed to load '../lib/libXnDeviceFile.so' - missing dependencies?
    14688	VERBOSE   	ModuleLoader	XnModuleLoader.cpp	319	Checking ../lib/libXnVFeatures.so...
    14716	WARNING   	xnOS	Linux-x86SharedLibs.cpp	44	Failed loading lib: ../lib/libXnVFeatures.so: no se puede abrir el fichero del objeto compartido: No existe el fichero o el directorio

    14728	WARNING   	ModuleLoader	XnModuleLoader.cpp	330	Failed to load '../lib/libXnVFeatures.so' - missing dependencies?
    14747	VERBOSE   	ModuleLoader	XnModuleLoader.cpp	319	Checking ../lib/libXnVHandGenerator.so...
    14776	WARNING   	xnOS	Linux-x86SharedLibs.cpp	44	Failed loading lib: ../lib/libXnVHandGenerator.so: no se puede abrir el fichero del objeto compartido: No existe el fichero o el directorio

    14802	WARNING   	ModuleLoader	XnModuleLoader.cpp	330	Failed to load '../lib/libXnVHandGenerator.so' - missing dependencies?
